<?xml version="1.0" encoding="UTF-8"?>
<coverage generated="1717179343671" clover="3.2.0">
  <project timestamp="1717179343671" name="All files">
    <metrics statements="5" coveredstatements="5" conditionals="6" coveredconditionals="6" methods="1" coveredmethods="1" elements="12" coveredelements="12" complexity="0" loc="5" ncloc="5" packages="1" files="1" classes="1"/>
    <file name="healthstatus.js" path="C:\Users\jun\Desktop\netology\ajs_hw_clearcode\src\healthstatus.js">
      <metrics statements="5" coveredstatements="5" conditionals="6" coveredconditionals="6" methods="1" coveredmethods="1"/>
      <line num="2" count="3" type="cond" truecount="2" falsecount="0"/>
      <line num="3" count="1" type="stmt"/>
      <line num="6" count="2" type="cond" truecount="4" falsecount="0"/>
      <line num="7" count="1" type="stmt"/>
      <line num="10" count="1" type="stmt"/>
    </file>
  </project>
</coverage>
